--------New Session--------GridNums/COM/1.pngGridNums/COM/5.pngGridNums/COM/8.pngGridNums/CoolMath/1.pngGridNums/CoolMath/6.pngGridNums/CoolMath/9.pngGridNums/NYT-New/6.pngGridNums/WEB/8.png--------New Session--------GridNums/COM/1.pngGridNums/COM/5.pngGridNums/COM/8.pngGridNums/CoolMath/1.pngGridNums/CoolMath/6.pngGridNums/CoolMath/9.pngGridNums/NYT-New/6.pngGridNums/WEB/8.png--------New Session--------GridNums/COM/1.pngGridNums/COM/5.pngGridNums/COM/8.pngGridNums/CoolMath/1.pngGridNums/CoolMath/6.pngGridNums/CoolMath/9.pngGridNums/NYT-New/6.pngGridNums/WEB/8.png--------New Session--------GridNums/COM/1.pngGridNums/COM/5.pngGridNums/COM/8.pngGridNums/CoolMath/1.pngGridNums/CoolMath/6.pngGridNums/CoolMath/9.pngGridNums/NYT-New/6.pngGridNums/WEB/8.png--------New Session--------GridNums/COM/1.pngGridNums/COM/5.pngGridNums/COM/8.pngGridNums/CoolMath/1.pngGridNums/CoolMath/6.pngGridNums/CoolMath/9.pngGridNums/NYT-New/6.pngGridNums/WEB/8.png--------New Session--------GridNums/COM/1.pngGridNums/COM/5.pngGridNums/COM/8.pngGridNums/CoolMath/1.pngGridNums/CoolMath/6.pngGridNums/CoolMath/9.pngGridNums/NYT-New/6.pngGridNums/WEB/8.png--------New Session--------GridNums/COM/1.pngGridNums/COM/5.pngGridNums/COM/8.pngGridNums/CoolMath/1.pngGridNums/CoolMath/6.pngGridNums/CoolMath/9.pngGridNums/NYT-New/6.pngGridNums/WEB/8.png--------New Session--------GridNums/COM/1.pngGridNums/COM/5.pngGridNums/COM/8.pngGridNums/CoolMath/1.pngGridNums/CoolMath/6.pngGridNums/CoolMath/9.pngGridNums/NYT-New/6.pngGridNums/WEB/8.png--------New Session--------GridNums/COM/1.pngGridNums/COM/5.pngGridNums/COM/8.pngGridNums/CoolMath/1.pngGridNums/CoolMath/6.pngGridNums/CoolMath/9.pngGridNums/NYT-New/6.png
GridNums/WEB/8.png



--------New Session--------

GridNums/COM/1.png



GridNums/COM/5.png



GridNums/COM/8.png



GridNums/CoolMath/1.png



GridNums/CoolMath/6.png



GridNums/CoolMath/9.png



GridNums/NYT-New/6.png



GridNums/WEB/8.png



--------New Session--------

GridNums/COM/1.png

GridNums/COM/5.png

GridNums/COM/8.png

GridNums/CoolMath/1.png

GridNums/CoolMath/6.png

GridNums/CoolMath/9.png

GridNums/NYT-New/6.png

GridNums/WEB/8.png
--------New Session--------
GridNums/COM/1.png
GridNums/COM/5.png
GridNums/COM/8.png
GridNums/CoolMath/1.png
GridNums/CoolMath/6.png
GridNums/CoolMath/9.png
GridNums/NYT-New/6.png
GridNums/WEB/8.png
--------New Session--------
GridNums/COM/1.png
GridNums/COM/5.png
GridNums/COM/8.png
GridNums/CoolMath/1.png
GridNums/CoolMath/6.png
GridNums/CoolMath/9.png
GridNums/NYT-New/6.png
GridNums/WEB/8.png
--------New Session--------
--------New Session--------
