Loading source file code/CreateFinalBoard.java...
Loading source file code/GUI.java...
Loading source file code/HistogramGenerator.java...
Loading source file code/ImageCropper.java...
Loading source file code/ImageDisplayer.java...
Loading source file code/ImageUtil.java...
Loading source file code/SudokuEntering.java...
Loading source file code/SudokuGraphicsProcessor.java...
Loading source file code/SudokuSolver.java...
Constructing Javadoc information...
Standard Doclet version 12.0.2
Building tree for all the packages and classes...
Generating docs/CreateFinalBoard.html...
Generating docs/GUI.html...
Generating docs/HistogramGenerator.html...
Generating docs/ImageCropper.html...
Generating docs/ImageDisplayer.html...
Generating docs/ImageUtil.html...
Generating docs/SudokuEntering.html...
Generating docs/SudokuGraphicsProcessor.html...
Generating docs/SudokuSolver.html...
Generating docs/package-summary.html...
Generating docs/package-tree.html...
Generating docs/constant-values.html...
Generating docs/serialized-form.html...
Building index for all the packages and classes...
Generating docs/overview-tree.html...
Generating docs/deprecated-list.html...
Building index for all classes...
Generating docs/index-all.html...
Building index for all classes...
Generating docs/allclasses-index.html...
Generating docs/allpackages-index.html...
Generating docs/index.html...
Generating docs/help-doc.html...
Starting the Build
Loading source file code/CreateFinalBoard.java...
Loading source file code/GUI.java...
Loading source file code/HistogramGenerator.java...
Loading source file code/ImageCropper.java...
Loading source file code/ImageDisplayer.java...
Loading source file code/ImageUtil.java...
Loading source file code/SudokuEntering.java...
Loading source file code/SudokuGraphicsProcessor.java...
Loading source file code/SudokuSolver.java...
Constructing Javadoc information...
Standard Doclet version 12.0.2
Building tree for all the packages and classes...
Generating docs/CreateFinalBoard.html...
Generating docs/GUI.html...
Generating docs/HistogramGenerator.html...
Generating docs/ImageCropper.html...
Generating docs/ImageDisplayer.html...
Generating docs/ImageUtil.html...
Generating docs/SudokuEntering.html...
Generating docs/SudokuGraphicsProcessor.html...
Generating docs/SudokuSolver.html...
Generating docs/package-summary.html...
Generating docs/package-tree.html...
Generating docs/constant-values.html...
Generating docs/serialized-form.html...
Building index for all the packages and classes...
Generating docs/overview-tree.html...
Generating docs/deprecated-list.html...
Building index for all classes...
Generating docs/index-all.html...
Building index for all classes...
Generating docs/allclasses-index.html...
Generating docs/allpackages-index.html...
Generating docs/index.html...
Generating docs/help-doc.html...
Starting the Build
Loading source file code/CreateFinalBoard.java...
Loading source file code/GUI.java...
Loading source file code/HistogramGenerator.java...
Loading source file code/ImageCropper.java...
Loading source file code/ImageDisplayer.java...
Loading source file code/ImageUtil.java...
Loading source file code/SudokuEntering.java...
Loading source file code/SudokuGraphicsProcessor.java...
Loading source file code/SudokuSolver.java...
Constructing Javadoc information...
Standard Doclet version 12.0.2
Building tree for all the packages and classes...
Generating docs/CreateFinalBoard.html...
Generating docs/GUI.html...
Generating docs/HistogramGenerator.html...
Generating docs/ImageCropper.html...
Generating docs/ImageDisplayer.html...
Generating docs/ImageUtil.html...
Generating docs/SudokuEntering.html...
Generating docs/SudokuGraphicsProcessor.html...
Generating docs/SudokuSolver.html...
Generating docs/package-summary.html...
Generating docs/package-tree.html...
Generating docs/constant-values.html...
Generating docs/serialized-form.html...
Building index for all the packages and classes...
Generating docs/overview-tree.html...
Generating docs/deprecated-list.html...
Building index for all classes...
Generating docs/index-all.html...
Building index for all classes...
Generating docs/allclasses-index.html...
Generating docs/allpackages-index.html...
Generating docs/index.html...
Generating docs/help-doc.html...
Starting the Build
Loading source file code/CreateFinalBoard.java...
Loading source file code/GUI.java...
Loading source file code/HistogramGenerator.java...
Loading source file code/ImageCropper.java...
Loading source file code/ImageDisplayer.java...
Loading source file code/ImageUtil.java...
Loading source file code/SudokuEntering.java...
Loading source file code/SudokuGraphicsProcessor.java...
Loading source file code/SudokuSolver.java...
Constructing Javadoc information...
Standard Doclet version 12.0.2
Building tree for all the packages and classes...
Generating docs/CreateFinalBoard.html...
Generating docs/GUI.html...
Generating docs/HistogramGenerator.html...
Generating docs/ImageCropper.html...
Generating docs/ImageDisplayer.html...
Generating docs/ImageUtil.html...
Generating docs/SudokuEntering.html...
Generating docs/SudokuGraphicsProcessor.html...
Generating docs/SudokuSolver.html...
Generating docs/package-summary.html...
Generating docs/package-tree.html...
Generating docs/constant-values.html...
Generating docs/serialized-form.html...
Building index for all the packages and classes...
Generating docs/overview-tree.html...
Generating docs/deprecated-list.html...
Building index for all classes...
Generating docs/index-all.html...
Building index for all classes...
Generating docs/allclasses-index.html...
Generating docs/allpackages-index.html...
Generating docs/index.html...
Generating docs/help-doc.html...
Starting the Build
Loading source file code/CreateFinalBoard.java...
Loading source file code/GUI.java...
Loading source file code/HistogramGenerator.java...
Loading source file code/ImageCropper.java...
Loading source file code/ImageDisplayer.java...
Loading source file code/ImageUtil.java...
Loading source file code/SudokuEntering.java...
Loading source file code/SudokuGraphicsProcessor.java...
Loading source file code/SudokuSolver.java...
Constructing Javadoc information...
Standard Doclet version 12.0.2
Building tree for all the packages and classes...
Generating docs/CreateFinalBoard.html...
Generating docs/GUI.html...
Generating docs/HistogramGenerator.html...
Generating docs/ImageCropper.html...
Generating docs/ImageDisplayer.html...
Generating docs/ImageUtil.html...
Generating docs/SudokuEntering.html...
Generating docs/SudokuGraphicsProcessor.html...
Generating docs/SudokuSolver.html...
Generating docs/package-summary.html...
Generating docs/package-tree.html...
Generating docs/constant-values.html...
Generating docs/serialized-form.html...
Building index for all the packages and classes...
Generating docs/overview-tree.html...
Generating docs/deprecated-list.html...
Building index for all classes...
Generating docs/index-all.html...
Building index for all classes...
Generating docs/allclasses-index.html...
Generating docs/allpackages-index.html...
Generating docs/index.html...
Generating docs/help-doc.html...
Starting the Build
Loading source file code/CreateFinalBoard.java...
Loading source file code/GUI.java...
Loading source file code/HistogramGenerator.java...
Loading source file code/ImageCropper.java...
Loading source file code/ImageDisplayer.java...
Loading source file code/ImageUtil.java...
Loading source file code/SudokuEntering.java...
Loading source file code/SudokuGraphicsProcessor.java...
Loading source file code/SudokuSolver.java...
Constructing Javadoc information...
Standard Doclet version 12.0.2
Building tree for all the packages and classes...
Generating docs/CreateFinalBoard.html...
Generating docs/GUI.html...
Generating docs/HistogramGenerator.html...
Generating docs/ImageCropper.html...
Generating docs/ImageDisplayer.html...
Generating docs/ImageUtil.html...
Generating docs/SudokuEntering.html...
Generating docs/SudokuGraphicsProcessor.html...
Generating docs/SudokuSolver.html...
Generating docs/package-summary.html...
Generating docs/package-tree.html...
Generating docs/constant-values.html...
Generating docs/serialized-form.html...
Building index for all the packages and classes...
Generating docs/overview-tree.html...
Generating docs/deprecated-list.html...
Building index for all classes...
Generating docs/index-all.html...
Building index for all classes...
Generating docs/allclasses-index.html...
Generating docs/allpackages-index.html...
Generating docs/index.html...
Generating docs/help-doc.html...
Starting the Build
Loading source file code/CreateFinalBoard.java...
Loading source file code/GUI.java...
Loading source file code/HistogramGenerator.java...
Loading source file code/ImageCropper.java...
Loading source file code/ImageDisplayer.java...
Loading source file code/ImageUtil.java...
Loading source file code/SudokuEntering.java...
Loading source file code/SudokuGraphicsProcessor.java...
Loading source file code/SudokuSolver.java...
Constructing Javadoc information...
Standard Doclet version 12.0.2
Building tree for all the packages and classes...
Generating docs/CreateFinalBoard.html...
Generating docs/GUI.html...
Generating docs/HistogramGenerator.html...
Generating docs/ImageCropper.html...
Generating docs/ImageDisplayer.html...
Generating docs/ImageUtil.html...
Generating docs/SudokuEntering.html...
Generating docs/SudokuGraphicsProcessor.html...
Generating docs/SudokuSolver.html...
Generating docs/package-summary.html...
Generating docs/package-tree.html...
Generating docs/constant-values.html...
Generating docs/serialized-form.html...
Building index for all the packages and classes...
Generating docs/overview-tree.html...
Generating docs/deprecated-list.html...
Building index for all classes...
Generating docs/index-all.html...
Building index for all classes...
Generating docs/allclasses-index.html...
Generating docs/allpackages-index.html...
Generating docs/index.html...
Generating docs/help-doc.html...
Starting the Build
Loading source file code/CreateFinalBoard.java...
Loading source file code/GUI.java...
Loading source file code/HistogramGenerator.java...
Loading source file code/ImageCropper.java...
Loading source file code/ImageDisplayer.java...
Loading source file code/ImageUtil.java...
Loading source file code/SudokuEntering.java...
Loading source file code/SudokuGraphicsProcessor.java...
Loading source file code/SudokuSolver.java...
Constructing Javadoc information...
Standard Doclet version 12.0.2
Building tree for all the packages and classes...
Generating docs/CreateFinalBoard.html...
Generating docs/GUI.html...
Generating docs/HistogramGenerator.html...
Generating docs/ImageCropper.html...
Generating docs/ImageDisplayer.html...
Generating docs/ImageUtil.html...
Generating docs/SudokuEntering.html...
Generating docs/SudokuGraphicsProcessor.html...
Generating docs/SudokuSolver.html...
Generating docs/package-summary.html...
Generating docs/package-tree.html...
Generating docs/constant-values.html...
Generating docs/serialized-form.html...
Building index for all the packages and classes...
Generating docs/overview-tree.html...
Generating docs/deprecated-list.html...
Building index for all classes...
Generating docs/index-all.html...
Building index for all classes...
Generating docs/allclasses-index.html...
Generating docs/allpackages-index.html...
Generating docs/index.html...
Generating docs/help-doc.html...
Starting the Build
Loading source file code/CreateFinalBoard.java...
Loading source file code/GUI.java...
Loading source file code/HistogramGenerator.java...
Loading source file code/ImageCropper.java...
Loading source file code/ImageDisplayer.java...
Loading source file code/ImageUtil.java...
Loading source file code/SudokuEntering.java...
Loading source file code/SudokuGraphicsProcessor.java...
Loading source file code/SudokuSolver.java...
Constructing Javadoc information...
Standard Doclet version 12.0.2
Building tree for all the packages and classes...
Generating docs/CreateFinalBoard.html...
Generating docs/GUI.html...
Generating docs/HistogramGenerator.html...
Generating docs/ImageCropper.html...
Generating docs/ImageDisplayer.html...
Generating docs/ImageUtil.html...
Generating docs/SudokuEntering.html...
Generating docs/SudokuGraphicsProcessor.html...
Generating docs/SudokuSolver.html...
Generating docs/package-summary.html...
Generating docs/package-tree.html...
Generating docs/constant-values.html...
Generating docs/serialized-form.html...
Building index for all the packages and classes...
Generating docs/overview-tree.html...
Generating docs/deprecated-list.html...
Building index for all classes...
Generating docs/index-all.html...
Building index for all classes...
Generating docs/allclasses-index.html...
Generating docs/allpackages-index.html...
Generating docs/index.html...
Generating docs/help-doc.html...
Starting the Build
Loading source file code/CreateFinalBoard.java...
Loading source file code/GUI.java...
Loading source file code/HistogramGenerator.java...
Loading source file code/ImageCropper.java...
Loading source file code/ImageDisplayer.java...
Loading source file code/ImageUtil.java...
Loading source file code/SudokuEntering.java...
Loading source file code/SudokuGraphicsProcessor.java...
Loading source file code/SudokuSolver.java...
Constructing Javadoc information...
Standard Doclet version 12.0.2
Building tree for all the packages and classes...
Generating docs/CreateFinalBoard.html...
Generating docs/GUI.html...
Generating docs/HistogramGenerator.html...
Generating docs/ImageCropper.html...
Generating docs/ImageDisplayer.html...
Generating docs/ImageUtil.html...
Generating docs/SudokuEntering.html...
Generating docs/SudokuGraphicsProcessor.html...
Generating docs/SudokuSolver.html...
Generating docs/package-summary.html...
Generating docs/package-tree.html...
Generating docs/constant-values.html...
Generating docs/serialized-form.html...
Building index for all the packages and classes...
Generating docs/overview-tree.html...
Generating docs/deprecated-list.html...
Building index for all classes...
Generating docs/index-all.html...
Building index for all classes...
Generating docs/allclasses-index.html...
Generating docs/allpackages-index.html...
Generating docs/index.html...
Generating docs/help-doc.html...
Starting the Build
Loading source file code/CreateFinalBoard.java...
Loading source file code/GUI.java...
Loading source file code/HistogramGenerator.java...
Loading source file code/ImageCropper.java...
Loading source file code/ImageDisplayer.java...
Loading source file code/ImageUtil.java...
Loading source file code/SudokuEntering.java...
Loading source file code/SudokuGraphicsProcessor.java...
Loading source file code/SudokuSolver.java...
Constructing Javadoc information...
Standard Doclet version 12.0.2
Building tree for all the packages and classes...
Generating docs/CreateFinalBoard.html...
Generating docs/GUI.html...
Generating docs/HistogramGenerator.html...
Generating docs/ImageCropper.html...
Generating docs/ImageDisplayer.html...
Generating docs/ImageUtil.html...
Generating docs/SudokuEntering.html...
Generating docs/SudokuGraphicsProcessor.html...
Generating docs/SudokuSolver.html...
Generating docs/package-summary.html...
Generating docs/package-tree.html...
Generating docs/constant-values.html...
Generating docs/serialized-form.html...
Building index for all the packages and classes...
Generating docs/overview-tree.html...
Generating docs/deprecated-list.html...
Building index for all classes...
Generating docs/index-all.html...
Building index for all classes...
Generating docs/allclasses-index.html...
Generating docs/allpackages-index.html...
Generating docs/index.html...
Generating docs/help-doc.html...
Starting the Build
Loading source file code/CreateFinalBoard.java...
Loading source file code/GUI.java...
Loading source file code/HistogramGenerator.java...
Loading source file code/ImageCropper.java...
Loading source file code/ImageDisplayer.java...
Loading source file code/ImageUtil.java...
Loading source file code/SudokuEntering.java...
Loading source file code/SudokuGraphicsProcessor.java...
Loading source file code/SudokuSolver.java...
Constructing Javadoc information...
Standard Doclet version 12.0.2
Building tree for all the packages and classes...
Generating docs/CreateFinalBoard.html...
Generating docs/GUI.html...
Generating docs/HistogramGenerator.html...
Generating docs/ImageCropper.html...
Generating docs/ImageDisplayer.html...
Generating docs/ImageUtil.html...
Generating docs/SudokuEntering.html...
Generating docs/SudokuGraphicsProcessor.html...
Generating docs/SudokuSolver.html...
Generating docs/package-summary.html...
Generating docs/package-tree.html...
Generating docs/constant-values.html...
Generating docs/serialized-form.html...
Building index for all the packages and classes...
Generating docs/overview-tree.html...
Generating docs/deprecated-list.html...
Building index for all classes...
Generating docs/index-all.html...
Building index for all classes...
Generating docs/allclasses-index.html...
Generating docs/allpackages-index.html...
Generating docs/index.html...
Generating docs/help-doc.html...
Starting the Build
Loading source file code/CreateFinalBoard.java...
Loading source file code/GUI.java...
Loading source file code/HistogramGenerator.java...
Loading source file code/ImageCropper.java...
Loading source file code/ImageDisplayer.java...
Loading source file code/ImageUtil.java...
Loading source file code/SudokuEntering.java...
Loading source file code/SudokuGraphicsProcessor.java...
Loading source file code/SudokuSolver.java...
Constructing Javadoc information...
Standard Doclet version 12.0.2
Building tree for all the packages and classes...
Generating docs/CreateFinalBoard.html...
Generating docs/GUI.html...
Generating docs/HistogramGenerator.html...
Generating docs/ImageCropper.html...
Generating docs/ImageDisplayer.html...
Generating docs/ImageUtil.html...
Generating docs/SudokuEntering.html...
Generating docs/SudokuGraphicsProcessor.html...
Generating docs/SudokuSolver.html...
Generating docs/package-summary.html...
Generating docs/package-tree.html...
Generating docs/constant-values.html...
Generating docs/serialized-form.html...
Building index for all the packages and classes...
Generating docs/overview-tree.html...
Generating docs/deprecated-list.html...
Building index for all classes...
Generating docs/index-all.html...
Building index for all classes...
Generating docs/allclasses-index.html...
Generating docs/allpackages-index.html...
Generating docs/index.html...
Generating docs/help-doc.html...
Starting the Build
Loading source file code/CreateFinalBoard.java...
Loading source file code/GUI.java...
Loading source file code/HistogramGenerator.java...
Loading source file code/ImageCropper.java...
Loading source file code/ImageDisplayer.java...
Loading source file code/ImageUtil.java...
Loading source file code/SudokuEntering.java...
Loading source file code/SudokuGraphicsProcessor.java...
Loading source file code/SudokuSolver.java...
Constructing Javadoc information...
Standard Doclet version 1.8.0_191
Building tree for all the packages and classes...
Generating docs/CreateFinalBoard.html...
Generating docs/GUI.html...
Generating docs/HistogramGenerator.html...
Generating docs/ImageCropper.html...
Generating docs/ImageDisplayer.html...
Generating docs/ImageUtil.html...
Generating docs/SudokuGraphicsProcessor.html...
Generating docs/sudokusolver/SudokuEntering.html...
Generating docs/sudokusolver/SudokuSolver.html...
Generating docs/overview-frame.html...
Generating docs/package-frame.html...
Generating docs/package-summary.html...
Generating docs/package-tree.html...
Generating docs/sudokusolver/package-frame.html...
Generating docs/sudokusolver/package-summary.html...
Generating docs/sudokusolver/package-tree.html...
Generating docs/constant-values.html...
Generating docs/serialized-form.html...
Building index for all the packages and classes...
Generating docs/overview-tree.html...
Generating docs/index-all.html...
Generating docs/deprecated-list.html...
Building index for all classes...
Generating docs/allclasses-frame.html...
Generating docs/allclasses-noframe.html...
Generating docs/index.html...
Generating docs/overview-summary.html...
Generating docs/help-doc.html...
Starting the Build
Loading source file code/CreateFinalBoard.java...
Loading source file code/GUI.java...
Loading source file code/HistogramGenerator.java...
Loading source file code/ImageCropper.java...
Loading source file code/ImageDisplayer.java...
Loading source file code/ImageUtil.java...
Loading source file code/SudokuEntering.java...
Loading source file code/SudokuGraphicsProcessor.java...
Loading source file code/SudokuSolver.java...
Constructing Javadoc information...
Standard Doclet version 1.8.0_191
Building tree for all the packages and classes...
Generating docs/CreateFinalBoard.html...
Generating docs/GUI.html...
Generating docs/HistogramGenerator.html...
Generating docs/ImageCropper.html...
Generating docs/ImageDisplayer.html...
Generating docs/ImageUtil.html...
Generating docs/SudokuGraphicsProcessor.html...
Generating docs/sudokusolver/SudokuEntering.html...
Generating docs/sudokusolver/SudokuSolver.html...
Generating docs/overview-frame.html...
Generating docs/package-frame.html...
Generating docs/package-summary.html...
Generating docs/package-tree.html...
Generating docs/sudokusolver/package-frame.html...
Generating docs/sudokusolver/package-summary.html...
Generating docs/sudokusolver/package-tree.html...
Generating docs/constant-values.html...
Generating docs/serialized-form.html...
Building index for all the packages and classes...
Generating docs/overview-tree.html...
Generating docs/index-all.html...
Generating docs/deprecated-list.html...
Building index for all classes...
Generating docs/allclasses-frame.html...
Generating docs/allclasses-noframe.html...
Generating docs/index.html...
Generating docs/overview-summary.html...
Generating docs/help-doc.html...
Starting the Build
Loading source file code/CreateFinalBoard.java...
Loading source file code/GUI.java...
Loading source file code/HistogramGenerator.java...
Loading source file code/ImageCropper.java...
Loading source file code/ImageDisplayer.java...
Loading source file code/ImageUtil.java...
Loading source file code/SudokuEntering.java...
Loading source file code/SudokuGraphicsProcessor.java...
Loading source file code/SudokuSolver.java...
Constructing Javadoc information...
Standard Doclet version 1.8.0_191
Building tree for all the packages and classes...
Generating docs/CreateFinalBoard.html...
Generating docs/GUI.html...
Generating docs/HistogramGenerator.html...
Generating docs/ImageCropper.html...
Generating docs/ImageDisplayer.html...
Generating docs/ImageUtil.html...
Generating docs/SudokuGraphicsProcessor.html...
Generating docs/sudokusolver/SudokuEntering.html...
Generating docs/sudokusolver/SudokuSolver.html...
Generating docs/overview-frame.html...
Generating docs/package-frame.html...
Generating docs/package-summary.html...
Generating docs/package-tree.html...
Generating docs/sudokusolver/package-frame.html...
Generating docs/sudokusolver/package-summary.html...
Generating docs/sudokusolver/package-tree.html...
Generating docs/constant-values.html...
Generating docs/serialized-form.html...
Building index for all the packages and classes...
Generating docs/overview-tree.html...
Generating docs/index-all.html...
Generating docs/deprecated-list.html...
Building index for all classes...
Generating docs/allclasses-frame.html...
Generating docs/allclasses-noframe.html...
Generating docs/index.html...
Generating docs/overview-summary.html...
Generating docs/help-doc.html...
Starting the Build
Loading source file code/CreateFinalBoard.java...
Loading source file code/GUI.java...
Loading source file code/HistogramGenerator.java...
Loading source file code/ImageCropper.java...
Loading source file code/ImageDisplayer.java...
Loading source file code/ImageUtil.java...
Loading source file code/SudokuEntering.java...
Loading source file code/SudokuGraphicsProcessor.java...
Loading source file code/SudokuSolver.java...
Constructing Javadoc information...
Standard Doclet version 1.8.0_191
Building tree for all the packages and classes...
Generating docs/CreateFinalBoard.html...
Generating docs/GUI.html...
Generating docs/HistogramGenerator.html...
Generating docs/ImageCropper.html...
Generating docs/ImageDisplayer.html...
Generating docs/ImageUtil.html...
Generating docs/SudokuEntering.html...
Generating docs/SudokuGraphicsProcessor.html...
Generating docs/SudokuSolver.html...
Generating docs/package-frame.html...
Generating docs/package-summary.html...
Generating docs/package-tree.html...
Generating docs/constant-values.html...
Generating docs/serialized-form.html...
Building index for all the packages and classes...
Generating docs/overview-tree.html...
Generating docs/index-all.html...
Generating docs/deprecated-list.html...
Building index for all classes...
Generating docs/allclasses-frame.html...
Generating docs/allclasses-noframe.html...
Generating docs/index.html...
Generating docs/help-doc.html...
Starting the Build
Loading source file code/CreateFinalBoard.java...
Loading source file code/GUI.java...
Loading source file code/HistogramGenerator.java...
Loading source file code/ImageCropper.java...
Loading source file code/ImageDisplayer.java...
Loading source file code/ImageUtil.java...
Loading source file code/SudokuEntering.java...
Loading source file code/SudokuGraphicsProcessor.java...
Loading source file code/SudokuSolver.java...
Constructing Javadoc information...
Standard Doclet version 1.8.0_191
Building tree for all the packages and classes...
Generating docs/CreateFinalBoard.html...
Generating docs/GUI.html...
Generating docs/HistogramGenerator.html...
Generating docs/ImageCropper.html...
Generating docs/ImageDisplayer.html...
Generating docs/ImageUtil.html...
Generating docs/SudokuEntering.html...
Generating docs/SudokuGraphicsProcessor.html...
Generating docs/SudokuSolver.html...
Generating docs/package-frame.html...
Generating docs/package-summary.html...
Generating docs/package-tree.html...
Generating docs/constant-values.html...
Generating docs/serialized-form.html...
Building index for all the packages and classes...
Generating docs/overview-tree.html...
Generating docs/index-all.html...
Generating docs/deprecated-list.html...
Building index for all classes...
Generating docs/allclasses-frame.html...
Generating docs/allclasses-noframe.html...
Generating docs/index.html...
Generating docs/help-doc.html...
Starting the Build
Loading source file code/CreateFinalBoard.java...
Loading source file code/GUI.java...
Loading source file code/HistogramGenerator.java...
Loading source file code/ImageCropper.java...
Loading source file code/ImageDisplayer.java...
Loading source file code/ImageUtil.java...
Loading source file code/SudokuEntering.java...
Loading source file code/SudokuGraphicsProcessor.java...
Loading source file code/SudokuSolver.java...
Constructing Javadoc information...
Standard Doclet version 1.8.0_191
Building tree for all the packages and classes...
Generating docs/CreateFinalBoard.html...
Generating docs/GUI.html...
Generating docs/HistogramGenerator.html...
Generating docs/ImageCropper.html...
Generating docs/ImageDisplayer.html...
Generating docs/ImageUtil.html...
Generating docs/SudokuEntering.html...
Generating docs/SudokuGraphicsProcessor.html...
Generating docs/SudokuSolver.html...
Generating docs/package-frame.html...
Generating docs/package-summary.html...
Generating docs/package-tree.html...
Generating docs/constant-values.html...
Generating docs/serialized-form.html...
Building index for all the packages and classes...
Generating docs/overview-tree.html...
Generating docs/index-all.html...
Generating docs/deprecated-list.html...
Building index for all classes...
Generating docs/allclasses-frame.html...
Generating docs/allclasses-noframe.html...
Generating docs/index.html...
Generating docs/help-doc.html...
Starting the Build
Loading source file code/CreateFinalBoard.java...
Loading source file code/GUI.java...
Loading source file code/HistogramGenerator.java...
Loading source file code/ImageCropper.java...
Loading source file code/ImageDisplayer.java...
Loading source file code/ImageUtil.java...
Loading source file code/SudokuEntering.java...
Loading source file code/SudokuGraphicsProcessor.java...
Loading source file code/SudokuSolver.java...
Constructing Javadoc information...
Standard Doclet version 1.8.0_191
Building tree for all the packages and classes...
Generating docs/CreateFinalBoard.html...
Generating docs/GUI.html...
Generating docs/HistogramGenerator.html...
Generating docs/ImageCropper.html...
Generating docs/ImageDisplayer.html...
Generating docs/ImageUtil.html...
Generating docs/SudokuEntering.html...
Generating docs/SudokuGraphicsProcessor.html...
Generating docs/SudokuSolver.html...
Generating docs/package-frame.html...
Generating docs/package-summary.html...
Generating docs/package-tree.html...
Generating docs/constant-values.html...
Generating docs/serialized-form.html...
Building index for all the packages and classes...
Generating docs/overview-tree.html...
Generating docs/index-all.html...
Generating docs/deprecated-list.html...
Building index for all classes...
Generating docs/allclasses-frame.html...
Generating docs/allclasses-noframe.html...
Generating docs/index.html...
Generating docs/help-doc.html...
Starting the Build
Loading source file code/CreateFinalBoard.java...
Loading source file code/GUI.java...
Loading source file code/HistogramGenerator.java...
Loading source file code/ImageCropper.java...
Loading source file code/ImageDisplayer.java...
Loading source file code/ImageUtil.java...
Loading source file code/SudokuEntering.java...
Loading source file code/SudokuGraphicsProcessor.java...
Loading source file code/SudokuSolver.java...
Constructing Javadoc information...
Standard Doclet version 1.8.0_191
Building tree for all the packages and classes...
Generating docs/CreateFinalBoard.html...
Generating docs/GUI.html...
Generating docs/HistogramGenerator.html...
Generating docs/ImageCropper.html...
Generating docs/ImageDisplayer.html...
Generating docs/ImageUtil.html...
Generating docs/SudokuEntering.html...
Generating docs/SudokuGraphicsProcessor.html...
Generating docs/SudokuSolver.html...
Generating docs/package-frame.html...
Generating docs/package-summary.html...
Generating docs/package-tree.html...
Generating docs/constant-values.html...
Generating docs/serialized-form.html...
Building index for all the packages and classes...
Generating docs/overview-tree.html...
Generating docs/index-all.html...
Generating docs/deprecated-list.html...
Building index for all classes...
Generating docs/allclasses-frame.html...
Generating docs/allclasses-noframe.html...
Generating docs/index.html...
Generating docs/help-doc.html...
Starting the Build
Loading source file code/CreateFinalBoard.java...
Loading source file code/GUI.java...
Loading source file code/HistogramGenerator.java...
Loading source file code/ImageCropper.java...
Loading source file code/ImageDisplayer.java...
Loading source file code/ImageUtil.java...
Loading source file code/SudokuEntering.java...
Loading source file code/SudokuGraphicsProcessor.java...
Loading source file code/SudokuSolver.java...
Constructing Javadoc information...
Standard Doclet version 1.8.0_191
Building tree for all the packages and classes...
Generating docs/CreateFinalBoard.html...
Generating docs/GUI.html...
Generating docs/HistogramGenerator.html...
Generating docs/ImageCropper.html...
Generating docs/ImageDisplayer.html...
Generating docs/ImageUtil.html...
Generating docs/SudokuEntering.html...
Generating docs/SudokuGraphicsProcessor.html...
Generating docs/SudokuSolver.html...
Generating docs/package-frame.html...
Generating docs/package-summary.html...
Generating docs/package-tree.html...
Generating docs/constant-values.html...
Generating docs/serialized-form.html...
Building index for all the packages and classes...
Generating docs/overview-tree.html...
Generating docs/index-all.html...
Generating docs/deprecated-list.html...
Building index for all classes...
Generating docs/allclasses-frame.html...
Generating docs/allclasses-noframe.html...
Generating docs/index.html...
Generating docs/help-doc.html...
Starting the Build
Loading source file code/CreateFinalBoard.java...
Loading source file code/GUI.java...
Loading source file code/HistogramGenerator.java...
Loading source file code/ImageCropper.java...
Loading source file code/ImageDisplayer.java...
Loading source file code/ImageUtil.java...
Loading source file code/SudokuEntering.java...
Loading source file code/SudokuGraphicsProcessor.java...
Loading source file code/SudokuSolver.java...
Constructing Javadoc information...
Standard Doclet version 1.8.0_191
Building tree for all the packages and classes...
Generating docs/CreateFinalBoard.html...
Generating docs/GUI.html...
Generating docs/HistogramGenerator.html...
Generating docs/ImageCropper.html...
Generating docs/ImageDisplayer.html...
Generating docs/ImageUtil.html...
Generating docs/SudokuEntering.html...
Generating docs/SudokuGraphicsProcessor.html...
Generating docs/SudokuSolver.html...
Generating docs/package-frame.html...
Generating docs/package-summary.html...
Generating docs/package-tree.html...
Generating docs/constant-values.html...
Generating docs/serialized-form.html...
Building index for all the packages and classes...
Generating docs/overview-tree.html...
Generating docs/index-all.html...
Generating docs/deprecated-list.html...
Building index for all classes...
Generating docs/allclasses-frame.html...
Generating docs/allclasses-noframe.html...
Generating docs/index.html...
Generating docs/help-doc.html...
Starting the Build
Loading source file code/CreateFinalBoard.java...
Loading source file code/GUI.java...
Loading source file code/HistogramGenerator.java...
Loading source file code/ImageCropper.java...
Loading source file code/ImageDisplayer.java...
Loading source file code/ImageUtil.java...
Loading source file code/SudokuEntering.java...
Loading source file code/SudokuGraphicsProcessor.java...
Loading source file code/SudokuSolver.java...
Loading source file code/Swap.java...
Constructing Javadoc information...
Standard Doclet version 1.8.0_191
Building tree for all the packages and classes...
Generating docs/CreateFinalBoard.html...
Generating docs/GUI.html...
Generating docs/HistogramGenerator.html...
Generating docs/ImageCropper.html...
Generating docs/ImageDisplayer.html...
Generating docs/ImageUtil.html...
Generating docs/SudokuEntering.html...
Generating docs/SudokuGraphicsProcessor.html...
Generating docs/SudokuSolver.html...
Generating docs/Swap.html...
Generating docs/package-frame.html...
Generating docs/package-summary.html...
Generating docs/package-tree.html...
Generating docs/constant-values.html...
Generating docs/serialized-form.html...
Building index for all the packages and classes...
Generating docs/overview-tree.html...
Generating docs/index-all.html...
Generating docs/deprecated-list.html...
Building index for all classes...
Generating docs/allclasses-frame.html...
Generating docs/allclasses-noframe.html...
Generating docs/index.html...
Generating docs/help-doc.html...
